<?xml version="1.0" encoding="UTF-8"?>
<!-- Generated by org.testng.reporters.JUnitReportReporter -->
<testsuite hostname="USHYDKDARISI02" name="kanya.ExtentReportDemo" tests="1" failures="0" timestamp="25 Oct 2022 04:32:14 GMT" time="9.505" errors="0">
  <testcase name="initialDemo" time="9.505" classname="kanya.ExtentReportDemo"/>
</testsuite> <!-- kanya.ExtentReportDemo -->
