<?xml version="1.0" encoding="UTF-8"?>
<!-- Generated by org.testng.reporters.JUnitReportReporter -->
<testsuite hostname="USHYDKDARISI02" name="testcases.selenium.TestNG_Notes" tests="1" failures="0" timestamp="22 Oct 2022 09:29:43 GMT" time="0.010" errors="0">
  <testcase name="step01" time="0.010" classname="testcases.selenium.TestNG_Notes"/>
</testsuite> <!-- testcases.selenium.TestNG_Notes -->
