<?xml version="1.0" encoding="UTF-8"?>
<!-- Generated by org.testng.reporters.JUnitReportReporter -->
<testsuite name="test.DataProviderAnnotation" tests="3" time="0.008" ignored="0" failures="0" timestamp="23 Oct 2022 02:39:27 GMT" skipped="0" hostname="USHYDKDARISI02" errors="0">
  <testcase name="step01" time="0.007" classname="test.DataProviderAnnotation"/>
  <testcase name="step01" time="0.001" classname="test.DataProviderAnnotation"/>
  <testcase name="step01" time="0.000" classname="test.DataProviderAnnotation"/>
</testsuite> <!-- test.DataProviderAnnotation -->
