<?xml version="1.0" encoding="UTF-8"?>
<!-- Generated by org.testng.reporters.JUnitReportReporter -->
<testsuite name="test.ParameterizedTest" tests="1" time="0.001" ignored="6" failures="0" timestamp="24 Oct 2022 10:36:13 GMT" skipped="0" hostname="USHYDKDARISI02" errors="0">
  <testcase name="paramTest" time="0.001" classname="test.ParameterizedTest"/>
  <testcase name="mobileLoginCarLoan" classname="test.Demo3">
    <skipped/>
  </testcase> <!-- mobileLoginCarLoan -->
  <testcase name="webLoginCarLoan" classname="test.Demo3">
    <skipped/>
  </testcase> <!-- webLoginCarLoan -->
  <testcase name="mobileLogin2CarLoan" classname="test.Demo3">
    <skipped/>
  </testcase> <!-- mobileLogin2CarLoan -->
  <testcase name="mobileLogin1CarLoan" classname="test.Demo3">
    <skipped/>
  </testcase> <!-- mobileLogin1CarLoan -->
  <testcase name="mobileLogin3CarLoan" classname="test.Demo3">
    <skipped/>
  </testcase> <!-- mobileLogin3CarLoan -->
  <testcase name="step02" classname="test.Demo1">
    <skipped/>
  </testcase> <!-- step02 -->
</testsuite> <!-- test.ParameterizedTest -->
