<?xml version="1.0" encoding="UTF-8"?>
<!-- Generated by org.testng.reporters.JUnitReportReporter -->
<testsuite name="test.VisaCard" tests="1" time="0.001" ignored="0" failures="0" timestamp="22 Oct 2022 11:21:26 GMT" skipped="0" hostname="USHYDKDARISI02" errors="0">
  <testcase name="demo" time="0.001" classname="test.VisaCard"/>
</testsuite> <!-- test.VisaCard -->
