<?xml version="1.0" encoding="UTF-8"?>
<!-- Generated by org.testng.reporters.JUnitReportReporter -->
<testsuite hostname="USHYDKDARISI02" name="sample.ErrorValidations" tests="2" failures="0" timestamp="25 Oct 2022 11:13:18 GMT" time="38.506" errors="0">
  <testcase name="prodcutErrorHandling" time="29.561" classname="sample.ErrorValidations"/>
  <testcase name="errorHandling" time="8.945" classname="sample.ErrorValidations"/>
</testsuite> <!-- sample.ErrorValidations -->
