<?xml version="1.0" encoding="UTF-8"?>
<!-- Generated by org.testng.reporters.JUnitReportReporter -->
<testsuite hostname="USHYDKDARISI02" name="sample.Dummy_Standalone_For_Listener" tests="1" failures="0" timestamp="24 Oct 2022 11:03:45 GMT" time="40.721" errors="0">
  <testcase name="step01" time="40.721" classname="sample.Dummy_Standalone_For_Listener"/>
</testsuite> <!-- sample.Dummy_Standalone_For_Listener -->
