<?xml version="1.0" encoding="UTF-8"?>
<!-- Generated by org.testng.reporters.JUnitReportReporter -->
<testsuite hostname="USHYDKDARISI02" failures="0" tests="2" name="sample.StandaloneProjectDuplicate" time="73.701" errors="0" timestamp="26 Oct 2022 08:28:30 GMT">
  <testcase classname="sample.StandaloneProjectDuplicate" name="step02" time="24.155"/>
  <testcase classname="sample.StandaloneProjectDuplicate" name="step01" time="49.546"/>
</testsuite> <!-- sample.StandaloneProjectDuplicate -->
