<?xml version="1.0" encoding="UTF-8"?>
<!-- Generated by org.testng.reporters.JUnitReportReporter -->
<testsuite hostname="USHYDKDARISI02" failures="0" tests="2" name="sample.ErrorValidations" time="55.417" errors="0" timestamp="26 Oct 2022 08:28:30 GMT">
  <testcase classname="sample.ErrorValidations" name="prodcutErrorHandling" time="30.765"/>
  <testcase classname="sample.ErrorValidations" name="errorHandling" time="24.652"/>
</testsuite> <!-- sample.ErrorValidations -->
